Release 14.7 - xst P.20131013 (nt64)
Copyright (c) 1995-2013 Xilinx, Inc.  All rights reserved.
--> Parameter TMPDIR set to xst/projnav.tmp


Total REAL time to Xst completion: 0.00 secs
Total CPU time to Xst completion: 0.08 secs
 
--> Parameter xsthdpdir set to xst


Total REAL time to Xst completion: 0.00 secs
Total CPU time to Xst completion: 0.08 secs
 
--> Reading design: sram_cnt.prj

TABLE OF CONTENTS
  1) Synthesis Options Summary
  2) HDL Parsing
  3) HDL Elaboration
  4) HDL Synthesis
       4.1) HDL Synthesis Report
  5) Advanced HDL Synthesis
       5.1) Advanced HDL Synthesis Report
  6) Low Level Synthesis
  7) Partition Report
  8) Design Summary
       8.1) Primitive and Black Box Usage
       8.2) Device utilization summary
       8.3) Partition Resource Summary
       8.4) Timing Report
            8.4.1) Clock Information
            8.4.2) Asynchronous Control Signals Information
            8.4.3) Timing Summary
            8.4.4) Timing Details
            8.4.5) Cross Clock Domains Report


=========================================================================
*                      Synthesis Options Summary                        *
=========================================================================
---- Source Parameters
Input File Name                    : "sram_cnt.prj"
Ignore Synthesis Constraint File   : NO

---- Target Parameters
Output File Name                   : "sram_cnt"
Output Format                      : NGC
Target Device                      : xc6slx9-2-tqg144

---- Source Options
Top Module Name                    : sram_cnt
Automatic FSM Extraction           : YES
FSM Encoding Algorithm             : Auto
Safe Implementation                : No
FSM Style                          : LUT
RAM Extraction                     : Yes
RAM Style                          : Auto
ROM Extraction                     : Yes
Shift Register Extraction          : YES
ROM Style                          : Auto
Resource Sharing                   : YES
Asynchronous To Synchronous        : NO
Shift Register Minimum Size        : 2
Use DSP Block                      : Auto
Automatic Register Balancing       : No

---- Target Options
LUT Combining                      : Auto
Reduce Control Sets                : Auto
Add IO Buffers                     : YES
Global Maximum Fanout              : 100000
Add Generic Clock Buffer(BUFG)     : 16
Register Duplication               : YES
Optimize Instantiated Primitives   : NO
Use Clock Enable                   : Auto
Use Synchronous Set                : Auto
Use Synchronous Reset              : Auto
Pack IO Registers into IOBs        : Auto
Equivalent register Removal        : YES

---- General Options
Optimization Goal                  : Speed
Optimization Effort                : 1
Power Reduction                    : NO
Keep Hierarchy                     : No
Netlist Hierarchy                  : As_Optimized
RTL Output                         : Yes
Global Optimization                : AllClockNets
Read Cores                         : YES
Write Timing Constraints           : NO
Cross Clock Analysis               : NO
Hierarchy Separator                : /
Bus Delimiter                      : <>
Case Specifier                     : Maintain
Slice Utilization Ratio            : 100
BRAM Utilization Ratio             : 100
DSP48 Utilization Ratio            : 100
Auto BRAM Packing                  : NO
Slice Utilization Ratio Delta      : 5

=========================================================================


=========================================================================
*                          HDL Parsing                                  *
=========================================================================
Parsing VHDL file "E:\My file\Project\ISE_Vivado\ISE\SramIS61WV5128\sram_cnt.vhd" into library work
Parsing entity <sram_cnt>.
Parsing architecture <Behavioral> of entity <sram_cnt>.

=========================================================================
*                            HDL Elaboration                            *
=========================================================================

Elaborating entity <sram_cnt> (architecture <Behavioral>) from library <work>.

=========================================================================
*                           HDL Synthesis                               *
=========================================================================

Synthesizing Unit <sram_cnt>.
    Related source file is "E:\My file\Project\ISE_Vivado\ISE\SramIS61WV5128\sram_cnt.vhd".
    Found 1-bit register for signal <we_n>.
    Found 1-bit register for signal <oe_reg>.
    Found 1-bit register for signal <tri_reg>.
    Found 18-bit register for signal <ad>.
    Found 8-bit register for signal <data_s2f_r>.
    Found 8-bit register for signal <data_f2s_reg>.
    Found 3-bit register for signal <state_reg>.
    Found finite state machine <FSM_0> for signal <state_reg>.
    -----------------------------------------------------------------------
    | States             | 5                                              |
    | Transitions        | 7                                              |
    | Inputs             | 2                                              |
    | Outputs            | 6                                              |
    | Clock              | clk (rising_edge)                              |
    | Reset              | reset (positive)                               |
    | Reset type         | asynchronous                                   |
    | Reset State        | idle                                           |
    | Power Up State     | idle                                           |
    | Encoding           | auto                                           |
    | Implementation     | LUT                                            |
    -----------------------------------------------------------------------
    Found 1-bit tristate buffer for signal <dio_a<7>> created at line 80
    Found 1-bit tristate buffer for signal <dio_a<6>> created at line 80
    Found 1-bit tristate buffer for signal <dio_a<5>> created at line 80
    Found 1-bit tristate buffer for signal <dio_a<4>> created at line 80
    Found 1-bit tristate buffer for signal <dio_a<3>> created at line 80
    Found 1-bit tristate buffer for signal <dio_a<2>> created at line 80
    Found 1-bit tristate buffer for signal <dio_a<1>> created at line 80
    Found 1-bit tristate buffer for signal <dio_a<0>> created at line 80
    Summary:
	inferred  37 D-type flip-flop(s).
	inferred   8 Tristate(s).
	inferred   1 Finite State Machine(s).
Unit <sram_cnt> synthesized.

=========================================================================
HDL Synthesis Report

Macro Statistics
# Registers                                            : 6
 1-bit register                                        : 3
 18-bit register                                       : 1
 8-bit register                                        : 2
# Tristates                                            : 8
 1-bit tristate buffer                                 : 8
# FSMs                                                 : 1

=========================================================================

=========================================================================
*                       Advanced HDL Synthesis                          *
=========================================================================


=========================================================================
Advanced HDL Synthesis Report

Macro Statistics
# Registers                                            : 37
 Flip-Flops                                            : 37
# FSMs                                                 : 1

=========================================================================

=========================================================================
*                         Low Level Synthesis                           *
=========================================================================
Analyzing FSM <MFsm> for best encoding.
Optimizing FSM <FSM_0> on signal <state_reg[1:3]> with sequential encoding.
-------------------
 State | Encoding
-------------------
 idle  | 000
 wr1   | 010
 wr2   | 011
 rd1   | 001
 rd2   | 100
-------------------

Optimizing unit <sram_cnt> ...
INFO:Xst:3203 - The FF/Latch <state_reg_FSM_FFd2> in Unit <sram_cnt> is the opposite to the following FF/Latch, which will be removed : <tri_reg> 

Mapping all equations...
Building and optimizing final netlist ...
Found area constraint ratio of 100 (+ 5) on block sram_cnt, actual ratio is 0.
FlipFlop state_reg_FSM_FFd2 has been replicated 1 time(s)
FlipFlop state_reg_FSM_FFd3 has been replicated 1 time(s)

Final Macro Processing ...

=========================================================================
Final Register Report

Macro Statistics
# Registers                                            : 41
 Flip-Flops                                            : 41

=========================================================================

=========================================================================
*                           Partition Report                            *
=========================================================================

Partition Implementation Status
-------------------------------

  No Partitions were found in this design.

-------------------------------

=========================================================================
*                            Design Summary                             *
=========================================================================

Top Level Output File Name         : sram_cnt.ngc

Primitive and Black Box Usage:
------------------------------
# BELS                             : 28
#      GND                         : 1
#      INV                         : 2
#      LUT2                        : 1
#      LUT5                        : 23
#      VCC                         : 1
# FlipFlops/Latches                : 41
#      FDC                         : 5
#      FDCE                        : 34
#      FDP                         : 2
# Clock Buffers                    : 1
#      BUFGP                       : 1
# IO Buffers                       : 75
#      IBUF                        : 29
#      IOBUF                       : 8
#      OBUF                        : 38

Device utilization summary:
---------------------------

Selected Device : 6slx9tqg144-2 


Slice Logic Utilization: 
 Number of Slice Registers:              41  out of  11440     0%  
 Number of Slice LUTs:                   26  out of   5720     0%  
    Number used as Logic:                26  out of   5720     0%  

Slice Logic Distribution: 
 Number of LUT Flip Flop pairs used:     42
   Number with an unused Flip Flop:       1  out of     42     2%  
   Number with an unused LUT:            16  out of     42    38%  
   Number of fully used LUT-FF pairs:    25  out of     42    59%  
   Number of unique control sets:         4

IO Utilization: 
 Number of IOs:                          76
 Number of bonded IOBs:                  76  out of    102    74%  

Specific Feature Utilization:
 Number of BUFG/BUFGCTRLs:                1  out of     16     6%  

---------------------------
Partition Resource Summary:
---------------------------

  No Partitions were found in this design.

---------------------------


=========================================================================
Timing Report

NOTE: THESE TIMING NUMBERS ARE ONLY A SYNTHESIS ESTIMATE.
      FOR ACCURATE TIMING INFORMATION PLEASE REFER TO THE TRACE REPORT
      GENERATED AFTER PLACE-and-ROUTE.

Clock Information:
------------------
-----------------------------------+------------------------+-------+
Clock Signal                       | Clock buffer(FF name)  | Load  |
-----------------------------------+------------------------+-------+
clk                                | BUFGP                  | 41    |
-----------------------------------+------------------------+-------+

Asynchronous Control Signals Information:
----------------------------------------
No asynchronous control signals found in this design

Timing Summary:
---------------
Speed Grade: -2

   Minimum period: 3.442ns (Maximum Frequency: 290.529MHz)
   Minimum input arrival time before clock: 4.615ns
   Maximum output required time after clock: 6.014ns
   Maximum combinational path delay: 4.965ns

Timing Details:
---------------
All values displayed in nanoseconds (ns)

=========================================================================
Timing constraint: Default period analysis for Clock 'clk'
  Clock period: 3.442ns (frequency: 290.529MHz)
  Total number of paths / destination ports: 124 / 59
-------------------------------------------------------------------------
Delay:               3.442ns (Levels of Logic = 1)
  Source:            state_reg_FSM_FFd1 (FF)
  Destination:       addr_reg_0 (FF)
  Source Clock:      clk rising
  Destination Clock: clk rising

  Data Path: state_reg_FSM_FFd1 to addr_reg_0
                                Gate     Net
    Cell:in->out      fanout   Delay   Delay  Logical Name (Net Name)
    ----------------------------------------  ------------
     FDC:C->Q             14   0.525   1.126  state_reg_FSM_FFd1 (state_reg_FSM_FFd1)
     INV:I->O             18   0.255   1.234  _n0089_inv11_cepot_INV_0 (_n0089_inv11_cepot)
     FDCE:CE                   0.302          addr_reg_0
    ----------------------------------------
    Total                      3.442ns (1.082ns logic, 2.360ns route)
                                       (31.4% logic, 68.6% route)

=========================================================================
Timing constraint: Default OFFSET IN BEFORE for Clock 'clk'
  Total number of paths / destination ports: 121 / 89
-------------------------------------------------------------------------
Offset:              4.615ns (Levels of Logic = 2)
  Source:            mem (PAD)
  Destination:       data_f2s_reg_7 (FF)
  Destination Clock: clk rising

  Data Path: mem to data_f2s_reg_7
                                Gate     Net
    Cell:in->out      fanout   Delay   Delay  Logical Name (Net Name)
    ----------------------------------------  ------------
     IBUF:I->O            23   1.328   1.788  mem_IBUF (mem_IBUF)
     LUT5:I0->O            8   0.254   0.943  _n0089_inv1 (_n0089_inv)
     FDCE:CE                   0.302          data_f2s_reg_7
    ----------------------------------------
    Total                      4.615ns (1.884ns logic, 2.731ns route)
                                       (40.8% logic, 59.2% route)

=========================================================================
Timing constraint: Default OFFSET OUT AFTER for Clock 'clk'
  Total number of paths / destination ports: 44 / 36
-------------------------------------------------------------------------
Offset:              6.014ns (Levels of Logic = 2)
  Source:            state_reg_FSM_FFd2 (FF)
  Destination:       dio_a<7> (PAD)
  Source Clock:      clk rising

  Data Path: state_reg_FSM_FFd2 to dio_a<7>
                                Gate     Net
    Cell:in->out      fanout   Delay   Delay  Logical Name (Net Name)
    ----------------------------------------  ------------
     FDC:C->Q             24   0.525   1.379  state_reg_FSM_FFd2 (state_reg_FSM_FFd2)
     INV:I->O              8   0.255   0.943  state_reg_FSM_FFd2_inv1_INV_0 (state_reg_FSM_FFd2_inv)
     IOBUF:T->IO               2.912          dio_a_7_IOBUF (dio_a<7>)
    ----------------------------------------
    Total                      6.014ns (3.692ns logic, 2.322ns route)
                                       (61.4% logic, 38.6% route)

=========================================================================
Timing constraint: Default path analysis
  Total number of paths / destination ports: 8 / 8
-------------------------------------------------------------------------
Delay:               4.965ns (Levels of Logic = 2)
  Source:            dio_a<7> (PAD)
  Destination:       data_s2f_ur<7> (PAD)

  Data Path: dio_a<7> to data_s2f_ur<7>
                                Gate     Net
    Cell:in->out      fanout   Delay   Delay  Logical Name (Net Name)
    ----------------------------------------  ------------
     IOBUF:IO->O           2   1.328   0.725  dio_a_7_IOBUF (data_s2f_ur_7_OBUF)
     OBUF:I->O                 2.912          data_s2f_ur_7_OBUF (data_s2f_ur<7>)
    ----------------------------------------
    Total                      4.965ns (4.240ns logic, 0.725ns route)
                                       (85.4% logic, 14.6% route)

=========================================================================

Cross Clock Domains Report:
--------------------------

Clock to Setup on destination clock clk
---------------+---------+---------+---------+---------+
               | Src:Rise| Src:Fall| Src:Rise| Src:Fall|
Source Clock   |Dest:Rise|Dest:Rise|Dest:Fall|Dest:Fall|
---------------+---------+---------+---------+---------+
clk            |    3.442|         |         |         |
---------------+---------+---------+---------+---------+

=========================================================================


Total REAL time to Xst completion: 7.00 secs
Total CPU time to Xst completion: 7.38 secs
 
--> 

Total memory usage is 233004 kilobytes

Number of errors   :    0 (   0 filtered)
Number of warnings :    0 (   0 filtered)
Number of infos    :    1 (   0 filtered)

